# JRE version: OpenJDK Runtime Environment Temurin-21.0.10+7 (21.0.10+7) (build 21.0.10+7-LTS)
# Java VM: OpenJDK 64-Bit Server VM Temurin-21.0.10+7 (21.0.10+7-LTS, mixed mode, sharing, tiered, compressed oops, compressed class ptrs, parallel gc, windows-amd64)
GC Precious Log:
 CardTable entry size: 512
 CPUs: 8 total, 8 available
 Memory: 16225M
 Large Page Support: Disabled
 NUMA Support: Disabled
 Compressed Oops: Enabled (32-bit)
 Alignments: Space 512K, Generation 512K, Heap 2M
 Heap Min Capacity: 100M
 Heap Initial Capacity: 100M
 Heap Max Capacity: 2G
 Pre-touch: Disabled
 Parallel Workers: 8
Heap:
 PSYoungGen      total 8704K, used 6948K [0x00000000d5580000, 0x00000000d6380000, 0x0000000100000000)
  eden space 7680K, 79% used [0x00000000d5580000,0x00000000d5b70180,0x00000000d5d00000)
  from space 1024K, 84% used [0x00000000d6180000,0x00000000d6259250,0x00000000d6280000)
  to   space 1024K, 0% used [0x00000000d6280000,0x00000000d6280000,0x00000000d6380000)
 ParOldGen       total 623104K, used 622641K [0x0000000080000000, 0x00000000a6080000, 0x00000000d5580000)
  object space 623104K, 99% used [0x0000000080000000,0x00000000a600c4a0,0x00000000a6080000)
 Metaspace       used 83500K, committed 85440K, reserved 1179648K
  class space    used 8566K, committed 9472K, reserved 1048576K
GC Heap History (20 events):
Event: 414.565 GC heap before
{Heap before GC invocations=1506 (full 4):
 PSYoungGen      total 13312K, used 13312K [0x00000000d5580000, 0x00000000d6900000, 0x0000000100000000)
  eden space 7680K, 100% used [0x00000000d5580000,0x00000000d5d00000,0x00000000d5d00000)
  from space 5632K, 100% used [0x00000000d5f80000,0x00000000d6500000,0x00000000d6500000)
  to   space 4096K, 0% used [0x00000000d6500000,0x00000000d6500000,0x00000000d6900000)
 ParOldGen       total 612352K, used 612316K [0x0000000080000000, 0x00000000a5600000, 0x00000000d5580000)
  object space 612352K, 99% used [0x0000000080000000,0x00000000a55f72c0,0x00000000a5600000)
 Metaspace       used 82765K, committed 84608K, reserved 1179648K
  class space    used 8489K, committed 9344K, reserved 1048576K
}
Event: 414.573 GC heap after
{Heap after GC invocations=1506 (full 4):
 PSYoungGen      total 9216K, used 1188K [0x00000000d5580000, 0x00000000d6680000, 0x0000000100000000)
  eden space 7680K, 0% used [0x00000000d5580000,0x00000000d5580000,0x00000000d5d00000)
  from space 1536K, 77% used [0x00000000d6500000,0x00000000d6629200,0x00000000d6680000)
  to   space 3072K, 0% used [0x00000000d6080000,0x00000000d6080000,0x00000000d6380000)
 ParOldGen       total 617472K, used 617308K [0x0000000080000000, 0x00000000a5b00000, 0x00000000d5580000)
  object space 617472K, 99% used [0x0000000080000000,0x00000000a5ad72c0,0x00000000a5b00000)
 Metaspace       used 82765K, committed 84608K, reserved 1179648K
  class space    used 8489K, committed 9344K, reserved 1048576K
}
Event: 414.998 GC heap before
{Heap before GC invocations=1507 (full 4):
 PSYoungGen      total 9216K, used 8868K [0x00000000d5580000, 0x00000000d6680000, 0x0000000100000000)
  eden space 7680K, 100% used [0x00000000d5580000,0x00000000d5d00000,0x00000000d5d00000)
  from space 1536K, 77% used [0x00000000d6500000,0x00000000d6629200,0x00000000d6680000)
  to   space 3072K, 0% used [0x00000000d6080000,0x00000000d6080000,0x00000000d6380000)
 ParOldGen       total 617472K, used 617308K [0x0000000080000000, 0x00000000a5b00000, 0x00000000d5580000)
  object space 617472K, 99% used [0x0000000080000000,0x00000000a5ad72c0,0x00000000a5b00000)
 Metaspace       used 82777K, committed 84672K, reserved 1179648K
  class space    used 8489K, committed 9344K, reserved 1048576K
}
Event: 415.001 GC heap after
{Heap after GC invocations=1507 (full 4):
 PSYoungGen      total 10752K, used 612K [0x00000000d5580000, 0x00000000d6580000, 0x0000000100000000)
  eden space 7680K, 0% used [0x00000000d5580000,0x00000000d5580000,0x00000000d5d00000)
  from space 3072K, 19% used [0x00000000d6080000,0x00000000d6119210,0x00000000d6380000)
  to   space 1536K, 0% used [0x00000000d6400000,0x00000000d6400000,0x00000000d6580000)
 ParOldGen       total 618496K, used 618308K [0x0000000080000000, 0x00000000a5c00000, 0x00000000d5580000)
  object space 618496K, 99% used [0x0000000080000000,0x00000000a5bd12c0,0x00000000a5c00000)
 Metaspace       used 82777K, committed 84672K, reserved 1179648K
  class space    used 8489K, committed 9344K, reserved 1048576K
}
Event: 416.702 GC heap before
{Heap before GC invocations=1508 (full 4):
 PSYoungGen      total 10752K, used 8242K [0x00000000d5580000, 0x00000000d6580000, 0x0000000100000000)
  eden space 7680K, 99% used [0x00000000d5580000,0x00000000d5cf38e0,0x00000000d5d00000)
  from space 3072K, 19% used [0x00000000d6080000,0x00000000d6119210,0x00000000d6380000)
  to   space 1536K, 0% used [0x00000000d6400000,0x00000000d6400000,0x00000000d6580000)
 ParOldGen       total 618496K, used 618308K [0x0000000080000000, 0x00000000a5c00000, 0x00000000d5580000)
  object space 618496K, 99% used [0x0000000080000000,0x00000000a5bd12c0,0x00000000a5c00000)
 Metaspace       used 82819K, committed 84672K, reserved 1179648K
  class space    used 8491K, committed 9344K, reserved 1048576K
}
Event: 416.705 GC heap after
{Heap after GC invocations=1508 (full 4):
 PSYoungGen      total 8192K, used 440K [0x00000000d5580000, 0x00000000d6480000, 0x0000000100000000)
  eden space 7680K, 0% used [0x00000000d5580000,0x00000000d5580000,0x00000000d5d00000)
  from space 512K, 86% used [0x00000000d6400000,0x00000000d646e318,0x00000000d6480000)
  to   space 1024K, 0% used [0x00000000d6280000,0x00000000d6280000,0x00000000d6380000)
 ParOldGen       total 618496K, used 618404K [0x0000000080000000, 0x00000000a5c00000, 0x00000000d5580000)
  object space 618496K, 99% used [0x0000000080000000,0x00000000a5be92c0,0x00000000a5c00000)
 Metaspace       used 82819K, committed 84672K, reserved 1179648K
  class space    used 8491K, committed 9344K, reserved 1048576K
}
Event: 416.783 GC heap before
{Heap before GC invocations=1509 (full 4):
 PSYoungGen      total 8192K, used 8120K [0x00000000d5580000, 0x00000000d6480000, 0x0000000100000000)
  eden space 7680K, 100% used [0x00000000d5580000,0x00000000d5d00000,0x00000000d5d00000)
  from space 512K, 86% used [0x00000000d6400000,0x00000000d646e318,0x00000000d6480000)
  to   space 1024K, 0% used [0x00000000d6280000,0x00000000d6280000,0x00000000d6380000)
 ParOldGen       total 618496K, used 618404K [0x0000000080000000, 0x00000000a5c00000, 0x00000000d5580000)
  object space 618496K, 99% used [0x0000000080000000,0x00000000a5be92c0,0x00000000a5c00000)
 Metaspace       used 82965K, committed 84864K, reserved 1179648K
  class space    used 8519K, committed 9408K, reserved 1048576K
}
Event: 416.788 GC heap after
{Heap after GC invocations=1509 (full 4):
 PSYoungGen      total 8704K, used 1021K [0x00000000d5580000, 0x00000000d6600000, 0x0000000100000000)
  eden space 7680K, 0% used [0x00000000d5580000,0x00000000d5580000,0x00000000d5d00000)
  from space 1024K, 99% used [0x00000000d6280000,0x00000000d637f750,0x00000000d6380000)
  to   space 2560K, 0% used [0x00000000d6380000,0x00000000d6380000,0x00000000d6600000)
 ParOldGen       total 621568K, used 621264K [0x0000000080000000, 0x00000000a5f00000, 0x00000000d5580000)
  object space 621568K, 99% used [0x0000000080000000,0x00000000a5eb4070,0x00000000a5f00000)
 Metaspace       used 82965K, committed 84864K, reserved 1179648K
  class space    used 8519K, committed 9408K, reserved 1048576K
}
Event: 420.062 GC heap before
{Heap before GC invocations=1510 (full 4):
 PSYoungGen      total 8704K, used 8701K [0x00000000d5580000, 0x00000000d6600000, 0x0000000100000000)
  eden space 7680K, 100% used [0x00000000d5580000,0x00000000d5d00000,0x00000000d5d00000)
  from space 1024K, 99% used [0x00000000d6280000,0x00000000d637f750,0x00000000d6380000)
  to   space 2560K, 0% used [0x00000000d6380000,0x00000000d6380000,0x00000000d6600000)
 ParOldGen       total 621568K, used 621264K [0x0000000080000000, 0x00000000a5f00000, 0x00000000d5580000)
  object space 621568K, 99% used [0x0000000080000000,0x00000000a5eb4070,0x00000000a5f00000)
 Metaspace       used 82965K, committed 84864K, reserved 1179648K
  class space    used 8519K, committed 9408K, reserved 1048576K
}
Event: 420.064 GC heap after
{Heap after GC invocations=1510 (full 4):
 PSYoungGen      total 8704K, used 724K [0x00000000d5580000, 0x00000000d6480000, 0x0000000100000000)
  eden space 7680K, 0% used [0x00000000d5580000,0x00000000d5580000,0x00000000d5d00000)
  from space 1024K, 70% used [0x00000000d6380000,0x00000000d6435210,0x00000000d6480000)
  to   space 2048K, 0% used [0x00000000d6080000,0x00000000d6080000,0x00000000d6280000)
 ParOldGen       total 621568K, used 621344K [0x0000000080000000, 0x00000000a5f00000, 0x00000000d5580000)
  object space 621568K, 99% used [0x0000000080000000,0x00000000a5ec8070,0x00000000a5f00000)
 Metaspace       used 82965K, committed 84864K, reserved 1179648K
  class space    used 8519K, committed 9408K, reserved 1048576K
}
Event: 420.113 GC heap before
{Heap before GC invocations=1511 (full 4):
 PSYoungGen      total 8704K, used 8404K [0x00000000d5580000, 0x00000000d6480000, 0x0000000100000000)
  eden space 7680K, 100% used [0x00000000d5580000,0x00000000d5d00000,0x00000000d5d00000)
  from space 1024K, 70% used [0x00000000d6380000,0x00000000d6435210,0x00000000d6480000)
  to   space 2048K, 0% used [0x00000000d6080000,0x00000000d6080000,0x00000000d6280000)
 ParOldGen       total 621568K, used 621344K [0x0000000080000000, 0x00000000a5f00000, 0x00000000d5580000)
  object space 621568K, 99% used [0x0000000080000000,0x00000000a5ec8070,0x00000000a5f00000)
 Metaspace       used 83173K, committed 85056K, reserved 1179648K
  class space    used 8538K, committed 9408K, reserved 1048576K
}
Event: 420.114 GC heap after
{Heap after GC invocations=1511 (full 4):
 PSYoungGen      total 9728K, used 308K [0x00000000d5580000, 0x00000000d6400000, 0x0000000100000000)
  eden space 7680K, 0% used [0x00000000d5580000,0x00000000d5580000,0x00000000d5d00000)
  from space 2048K, 15% used [0x00000000d6080000,0x00000000d60cd200,0x00000000d6280000)
  to   space 1024K, 0% used [0x00000000d6300000,0x00000000d6300000,0x00000000d6400000)
 ParOldGen       total 622080K, used 621624K [0x0000000080000000, 0x00000000a5f80000, 0x00000000d5580000)
  object space 622080K, 99% used [0x0000000080000000,0x00000000a5f0e080,0x00000000a5f80000)
 Metaspace       used 83173K, committed 85056K, reserved 1179648K
  class space    used 8538K, committed 9408K, reserved 1048576K
}
Event: 498.332 GC heap before
{Heap before GC invocations=1512 (full 4):
 PSYoungGen      total 9728K, used 7988K [0x00000000d5580000, 0x00000000d6400000, 0x0000000100000000)
  eden space 7680K, 99% used [0x00000000d5580000,0x00000000d5cfff70,0x00000000d5d00000)
  from space 2048K, 15% used [0x00000000d6080000,0x00000000d60cd200,0x00000000d6280000)
  to   space 1024K, 0% used [0x00000000d6300000,0x00000000d6300000,0x00000000d6400000)
 ParOldGen       total 622080K, used 621624K [0x0000000080000000, 0x00000000a5f80000, 0x00000000d5580000)
  object space 622080K, 99% used [0x0000000080000000,0x00000000a5f0e080,0x00000000a5f80000)
 Metaspace       used 83201K, committed 85056K, reserved 1179648K
  class space    used 8538K, committed 9408K, reserved 1048576K
}
Event: 498.334 GC heap after
{Heap after GC invocations=1512 (full 4):
 PSYoungGen      total 8192K, used 256K [0x00000000d5580000, 0x00000000d6380000, 0x0000000100000000)
  eden space 7680K, 0% used [0x00000000d5580000,0x00000000d5580000,0x00000000d5d00000)
  from space 512K, 50% used [0x00000000d6300000,0x00000000d6340000,0x00000000d6380000)
  to   space 512K, 0% used [0x00000000d6280000,0x00000000d6280000,0x00000000d6300000)
 ParOldGen       total 622080K, used 621672K [0x0000000080000000, 0x00000000a5f80000, 0x00000000d5580000)
  object space 622080K, 99% used [0x0000000080000000,0x00000000a5f1a080,0x00000000a5f80000)
 Metaspace       used 83201K, committed 85056K, reserved 1179648K
  class space    used 8538K, committed 9408K, reserved 1048576K
}
Event: 505.397 GC heap before
{Heap before GC invocations=1513 (full 4):
 PSYoungGen      total 8192K, used 7936K [0x00000000d5580000, 0x00000000d6380000, 0x0000000100000000)
  eden space 7680K, 100% used [0x00000000d5580000,0x00000000d5d00000,0x00000000d5d00000)
  from space 512K, 50% used [0x00000000d6300000,0x00000000d6340000,0x00000000d6380000)
  to   space 512K, 0% used [0x00000000d6280000,0x00000000d6280000,0x00000000d6300000)
 ParOldGen       total 622080K, used 621672K [0x0000000080000000, 0x00000000a5f80000, 0x00000000d5580000)
  object space 622080K, 99% used [0x0000000080000000,0x00000000a5f1a080,0x00000000a5f80000)
 Metaspace       used 83207K, committed 85056K, reserved 1179648K
  class space    used 8538K, committed 9408K, reserved 1048576K
}
Event: 505.400 GC heap after
{Heap after GC invocations=1513 (full 4):
 PSYoungGen      total 8192K, used 505K [0x00000000d5580000, 0x00000000d6380000, 0x0000000100000000)
  eden space 7680K, 0% used [0x00000000d5580000,0x00000000d5580000,0x00000000d5d00000)
  from space 512K, 98% used [0x00000000d6280000,0x00000000d62fe410,0x00000000d6300000)
  to   space 512K, 0% used [0x00000000d6300000,0x00000000d6300000,0x00000000d6380000)
 ParOldGen       total 622080K, used 621816K [0x0000000080000000, 0x00000000a5f80000, 0x00000000d5580000)
  object space 622080K, 99% used [0x0000000080000000,0x00000000a5f3e080,0x00000000a5f80000)
 Metaspace       used 83207K, committed 85056K, reserved 1179648K
  class space    used 8538K, committed 9408K, reserved 1048576K
}
Event: 505.424 GC heap before
{Heap before GC invocations=1514 (full 4):
 PSYoungGen      total 8192K, used 8185K [0x00000000d5580000, 0x00000000d6380000, 0x0000000100000000)
  eden space 7680K, 100% used [0x00000000d5580000,0x00000000d5d00000,0x00000000d5d00000)
  from space 512K, 98% used [0x00000000d6280000,0x00000000d62fe410,0x00000000d6300000)
  to   space 512K, 0% used [0x00000000d6300000,0x00000000d6300000,0x00000000d6380000)
 ParOldGen       total 622080K, used 621816K [0x0000000080000000, 0x00000000a5f80000, 0x00000000d5580000)
  object space 622080K, 99% used [0x0000000080000000,0x00000000a5f3e080,0x00000000a5f80000)
 Metaspace       used 83208K, committed 85056K, reserved 1179648K
  class space    used 8538K, committed 9408K, reserved 1048576K
}
Event: 505.427 GC heap after
{Heap after GC invocations=1514 (full 4):
 PSYoungGen      total 8192K, used 484K [0x00000000d5580000, 0x00000000d6380000, 0x0000000100000000)
  eden space 7680K, 0% used [0x00000000d5580000,0x00000000d5580000,0x00000000d5d00000)
  from space 512K, 94% used [0x00000000d6300000,0x00000000d6379210,0x00000000d6380000)
  to   space 1024K, 0% used [0x00000000d6180000,0x00000000d6180000,0x00000000d6280000)
 ParOldGen       total 622592K, used 622236K [0x0000000080000000, 0x00000000a6000000, 0x00000000d5580000)
  object space 622592K, 99% used [0x0000000080000000,0x00000000a5fa7290,0x00000000a6000000)
 Metaspace       used 83208K, committed 85056K, reserved 1179648K
  class space    used 8538K, committed 9408K, reserved 1048576K
}
Event: 1101.420 GC heap before
{Heap before GC invocations=1515 (full 4):
 PSYoungGen      total 8192K, used 8164K [0x00000000d5580000, 0x00000000d6380000, 0x0000000100000000)
  eden space 7680K, 99% used [0x00000000d5580000,0x00000000d5cfffd0,0x00000000d5d00000)
  from space 512K, 94% used [0x00000000d6300000,0x00000000d6379210,0x00000000d6380000)
  to   space 1024K, 0% used [0x00000000d6180000,0x00000000d6180000,0x00000000d6280000)
 ParOldGen       total 622592K, used 622236K [0x0000000080000000, 0x00000000a6000000, 0x00000000d5580000)
  object space 622592K, 99% used [0x0000000080000000,0x00000000a5fa7290,0x00000000a6000000)
 Metaspace       used 83499K, committed 85440K, reserved 1179648K
  class space    used 8566K, committed 9472K, reserved 1048576K
}
Event: 1101.423 GC heap after
{Heap after GC invocations=1515 (full 4):
 PSYoungGen      total 8704K, used 868K [0x00000000d5580000, 0x00000000d6380000, 0x0000000100000000)
  eden space 7680K, 0% used [0x00000000d5580000,0x00000000d5580000,0x00000000d5d00000)
  from space 1024K, 84% used [0x00000000d6180000,0x00000000d6259250,0x00000000d6280000)
  to   space 1024K, 0% used [0x00000000d6280000,0x00000000d6280000,0x00000000d6380000)
 ParOldGen       total 623104K, used 622641K [0x0000000080000000, 0x00000000a6080000, 0x00000000d5580000)
  object space 623104K, 99% used [0x0000000080000000,0x00000000a600c4a0,0x00000000a6080000)
 Metaspace       used 83499K, committed 85440K, reserved 1179648K
  class space    used 8566K, committed 9472K, reserved 1048576K
}

