# JRE version: OpenJDK Runtime Environment Temurin-21.0.10+7 (21.0.10+7) (build 21.0.10+7-LTS)
# Java VM: OpenJDK 64-Bit Server VM Temurin-21.0.10+7 (21.0.10+7-LTS, mixed mode, sharing, tiered, compressed oops, compressed class ptrs, parallel gc, windows-amd64)
GC Precious Log:
 CardTable entry size: 512
 CPUs: 8 total, 8 available
 Memory: 16225M
 Large Page Support: Disabled
 NUMA Support: Disabled
 Compressed Oops: Enabled (32-bit)
 Alignments: Space 512K, Generation 512K, Heap 2M
 Heap Min Capacity: 100M
 Heap Initial Capacity: 100M
 Heap Max Capacity: 2G
 Pre-touch: Disabled
 Parallel Workers: 8
Heap:
 PSYoungGen      total 6144K, used 4469K [0x00000000d5580000, 0x00000000d5c80000, 0x0000000100000000)
  eden space 5120K, 77% used [0x00000000d5580000,0x00000000d595d730,0x00000000d5a80000)
  from space 1024K, 50% used [0x00000000d5b80000,0x00000000d5c00000,0x00000000d5c80000)
  to   space 1024K, 0% used [0x00000000d5a80000,0x00000000d5a80000,0x00000000d5b80000)
 ParOldGen       total 850944K, used 850500K [0x0000000080000000, 0x00000000b3f00000, 0x00000000d5580000)
  object space 850944K, 99% used [0x0000000080000000,0x00000000b3e91298,0x00000000b3f00000)
 Metaspace       used 88106K, committed 90048K, reserved 1179648K
  class space    used 8859K, committed 9728K, reserved 1048576K
GC Heap History (20 events):
Event: 800.447 GC heap before
{Heap before GC invocations=3844 (full 6):
 PSYoungGen      total 6144K, used 5564K [0x00000000d5580000, 0x00000000d5f80000, 0x0000000100000000)
  eden space 5120K, 98% used [0x00000000d5580000,0x00000000d5a67300,0x00000000d5a80000)
  from space 1024K, 53% used [0x00000000d5e80000,0x00000000d5f08000,0x00000000d5f80000)
  to   space 1024K, 0% used [0x00000000d5d80000,0x00000000d5d80000,0x00000000d5e80000)
 ParOldGen       total 838656K, used 838564K [0x0000000080000000, 0x00000000b3300000, 0x00000000d5580000)
  object space 838656K, 99% used [0x0000000080000000,0x00000000b32e9130,0x00000000b3300000)
 Metaspace       used 88105K, committed 90048K, reserved 1179648K
  class space    used 8859K, committed 9728K, reserved 1048576K
}
Event: 800.449 GC heap after
{Heap after GC invocations=3844 (full 6):
 PSYoungGen      total 6144K, used 998K [0x00000000d5580000, 0x00000000d6180000, 0x0000000100000000)
  eden space 5120K, 0% used [0x00000000d5580000,0x00000000d5580000,0x00000000d5a80000)
  from space 1024K, 97% used [0x00000000d5d80000,0x00000000d5e79bc0,0x00000000d5e80000)
  to   space 3072K, 0% used [0x00000000d5e80000,0x00000000d5e80000,0x00000000d6180000)
 ParOldGen       total 840704K, used 840581K [0x0000000080000000, 0x00000000b3500000, 0x00000000d5580000)
  object space 840704K, 99% used [0x0000000080000000,0x00000000b34e1458,0x00000000b3500000)
 Metaspace       used 88105K, committed 90048K, reserved 1179648K
  class space    used 8859K, committed 9728K, reserved 1048576K
}
Event: 800.469 GC heap before
{Heap before GC invocations=3845 (full 6):
 PSYoungGen      total 6144K, used 6118K [0x00000000d5580000, 0x00000000d6180000, 0x0000000100000000)
  eden space 5120K, 100% used [0x00000000d5580000,0x00000000d5a80000,0x00000000d5a80000)
  from space 1024K, 97% used [0x00000000d5d80000,0x00000000d5e79bc0,0x00000000d5e80000)
  to   space 3072K, 0% used [0x00000000d5e80000,0x00000000d5e80000,0x00000000d6180000)
 ParOldGen       total 840704K, used 840581K [0x0000000080000000, 0x00000000b3500000, 0x00000000d5580000)
  object space 840704K, 99% used [0x0000000080000000,0x00000000b34e1458,0x00000000b3500000)
 Metaspace       used 88105K, committed 90048K, reserved 1179648K
  class space    used 8859K, committed 9728K, reserved 1048576K
}
Event: 800.472 GC heap after
{Heap after GC invocations=3845 (full 6):
 PSYoungGen      total 6144K, used 3063K [0x00000000d5580000, 0x00000000d6680000, 0x0000000100000000)
  eden space 3072K, 0% used [0x00000000d5580000,0x00000000d5580000,0x00000000d5880000)
  from space 3072K, 99% used [0x00000000d5e80000,0x00000000d617dc10,0x00000000d6180000)
  to   space 6144K, 0% used [0x00000000d5880000,0x00000000d5880000,0x00000000d5e80000)
 ParOldGen       total 842752K, used 842701K [0x0000000080000000, 0x00000000b3700000, 0x00000000d5580000)
  object space 842752K, 99% used [0x0000000080000000,0x00000000b36f37a8,0x00000000b3700000)
 Metaspace       used 88105K, committed 90048K, reserved 1179648K
  class space    used 8859K, committed 9728K, reserved 1048576K
}
Event: 800.485 GC heap before
{Heap before GC invocations=3846 (full 6):
 PSYoungGen      total 6144K, used 6135K [0x00000000d5580000, 0x00000000d6680000, 0x0000000100000000)
  eden space 3072K, 100% used [0x00000000d5580000,0x00000000d5880000,0x00000000d5880000)
  from space 3072K, 99% used [0x00000000d5e80000,0x00000000d617dc10,0x00000000d6180000)
  to   space 6144K, 0% used [0x00000000d5880000,0x00000000d5880000,0x00000000d5e80000)
 ParOldGen       total 842752K, used 842701K [0x0000000080000000, 0x00000000b3700000, 0x00000000d5580000)
  object space 842752K, 99% used [0x0000000080000000,0x00000000b36f37a8,0x00000000b3700000)
 Metaspace       used 88105K, committed 90048K, reserved 1179648K
  class space    used 8859K, committed 9728K, reserved 1048576K
}
Event: 800.489 GC heap after
{Heap after GC invocations=3846 (full 6):
 PSYoungGen      total 5632K, used 2114K [0x00000000d5580000, 0x00000000d5f80000, 0x0000000100000000)
  eden space 3072K, 0% used [0x00000000d5580000,0x00000000d5580000,0x00000000d5880000)
  from space 2560K, 82% used [0x00000000d5880000,0x00000000d5a90af0,0x00000000d5b00000)
  to   space 3584K, 0% used [0x00000000d5c00000,0x00000000d5c00000,0x00000000d5f80000)
 ParOldGen       total 845824K, used 845732K [0x0000000080000000, 0x00000000b3a00000, 0x00000000d5580000)
  object space 845824K, 99% used [0x0000000080000000,0x00000000b39e90d0,0x00000000b3a00000)
 Metaspace       used 88105K, committed 90048K, reserved 1179648K
  class space    used 8859K, committed 9728K, reserved 1048576K
}
Event: 800.495 GC heap before
{Heap before GC invocations=3847 (full 6):
 PSYoungGen      total 5632K, used 5186K [0x00000000d5580000, 0x00000000d5f80000, 0x0000000100000000)
  eden space 3072K, 100% used [0x00000000d5580000,0x00000000d5880000,0x00000000d5880000)
  from space 2560K, 82% used [0x00000000d5880000,0x00000000d5a90af0,0x00000000d5b00000)
  to   space 3584K, 0% used [0x00000000d5c00000,0x00000000d5c00000,0x00000000d5f80000)
 ParOldGen       total 845824K, used 845732K [0x0000000080000000, 0x00000000b3a00000, 0x00000000d5580000)
  object space 845824K, 99% used [0x0000000080000000,0x00000000b39e90d0,0x00000000b3a00000)
 Metaspace       used 88105K, committed 90048K, reserved 1179648K
  class space    used 8859K, committed 9728K, reserved 1048576K
}
Event: 800.499 GC heap after
{Heap after GC invocations=3847 (full 6):
 PSYoungGen      total 4608K, used 480K [0x00000000d5580000, 0x00000000d5c80000, 0x0000000100000000)
  eden space 4096K, 0% used [0x00000000d5580000,0x00000000d5580000,0x00000000d5980000)
  from space 512K, 93% used [0x00000000d5c00000,0x00000000d5c78000,0x00000000d5c80000)
  to   space 1536K, 0% used [0x00000000d5980000,0x00000000d5980000,0x00000000d5b00000)
 ParOldGen       total 847872K, used 847732K [0x0000000080000000, 0x00000000b3c00000, 0x00000000d5580000)
  object space 847872K, 99% used [0x0000000080000000,0x00000000b3bdd150,0x00000000b3c00000)
 Metaspace       used 88105K, committed 90048K, reserved 1179648K
  class space    used 8859K, committed 9728K, reserved 1048576K
}
Event: 800.507 GC heap before
{Heap before GC invocations=3848 (full 6):
 PSYoungGen      total 4608K, used 4576K [0x00000000d5580000, 0x00000000d5c80000, 0x0000000100000000)
  eden space 4096K, 100% used [0x00000000d5580000,0x00000000d5980000,0x00000000d5980000)
  from space 512K, 93% used [0x00000000d5c00000,0x00000000d5c78000,0x00000000d5c80000)
  to   space 1536K, 0% used [0x00000000d5980000,0x00000000d5980000,0x00000000d5b00000)
 ParOldGen       total 847872K, used 847732K [0x0000000080000000, 0x00000000b3c00000, 0x00000000d5580000)
  object space 847872K, 99% used [0x0000000080000000,0x00000000b3bdd150,0x00000000b3c00000)
 Metaspace       used 88105K, committed 90048K, reserved 1179648K
  class space    used 8859K, committed 9728K, reserved 1048576K
}
Event: 800.510 GC heap after
{Heap after GC invocations=3848 (full 6):
 PSYoungGen      total 5632K, used 576K [0x00000000d5580000, 0x00000000d5c80000, 0x0000000100000000)
  eden space 4096K, 0% used [0x00000000d5580000,0x00000000d5580000,0x00000000d5980000)
  from space 1536K, 37% used [0x00000000d5980000,0x00000000d5a10000,0x00000000d5b00000)
  to   space 1024K, 0% used [0x00000000d5b80000,0x00000000d5b80000,0x00000000d5c80000)
 ParOldGen       total 848384K, used 848048K [0x0000000080000000, 0x00000000b3c80000, 0x00000000d5580000)
  object space 848384K, 99% used [0x0000000080000000,0x00000000b3c2c160,0x00000000b3c80000)
 Metaspace       used 88105K, committed 90048K, reserved 1179648K
  class space    used 8859K, committed 9728K, reserved 1048576K
}
Event: 800.662 GC heap before
{Heap before GC invocations=3849 (full 6):
 PSYoungGen      total 5632K, used 4672K [0x00000000d5580000, 0x00000000d5c80000, 0x0000000100000000)
  eden space 4096K, 100% used [0x00000000d5580000,0x00000000d5980000,0x00000000d5980000)
  from space 1536K, 37% used [0x00000000d5980000,0x00000000d5a10000,0x00000000d5b00000)
  to   space 1024K, 0% used [0x00000000d5b80000,0x00000000d5b80000,0x00000000d5c80000)
 ParOldGen       total 848384K, used 848048K [0x0000000080000000, 0x00000000b3c80000, 0x00000000d5580000)
  object space 848384K, 99% used [0x0000000080000000,0x00000000b3c2c160,0x00000000b3c80000)
 Metaspace       used 88105K, committed 90048K, reserved 1179648K
  class space    used 8859K, committed 9728K, reserved 1048576K
}
Event: 800.665 GC heap after
{Heap after GC invocations=3849 (full 6):
 PSYoungGen      total 5120K, used 628K [0x00000000d5580000, 0x00000000d5c80000, 0x0000000100000000)
  eden space 4096K, 0% used [0x00000000d5580000,0x00000000d5580000,0x00000000d5980000)
  from space 1024K, 61% used [0x00000000d5b80000,0x00000000d5c1d200,0x00000000d5c80000)
  to   space 1024K, 0% used [0x00000000d5a80000,0x00000000d5a80000,0x00000000d5b80000)
 ParOldGen       total 848896K, used 848481K [0x0000000080000000, 0x00000000b3d00000, 0x00000000d5580000)
  object space 848896K, 99% used [0x0000000080000000,0x00000000b3c986f0,0x00000000b3d00000)
 Metaspace       used 88105K, committed 90048K, reserved 1179648K
  class space    used 8859K, committed 9728K, reserved 1048576K
}
Event: 800.670 GC heap before
{Heap before GC invocations=3850 (full 6):
 PSYoungGen      total 5120K, used 4724K [0x00000000d5580000, 0x00000000d5c80000, 0x0000000100000000)
  eden space 4096K, 100% used [0x00000000d5580000,0x00000000d5980000,0x00000000d5980000)
  from space 1024K, 61% used [0x00000000d5b80000,0x00000000d5c1d200,0x00000000d5c80000)
  to   space 1024K, 0% used [0x00000000d5a80000,0x00000000d5a80000,0x00000000d5b80000)
 ParOldGen       total 848896K, used 848481K [0x0000000080000000, 0x00000000b3d00000, 0x00000000d5580000)
  object space 848896K, 99% used [0x0000000080000000,0x00000000b3c986f0,0x00000000b3d00000)
 Metaspace       used 88105K, committed 90048K, reserved 1179648K
  class space    used 8859K, committed 9728K, reserved 1048576K
}
Event: 800.673 GC heap after
{Heap after GC invocations=3850 (full 6):
 PSYoungGen      total 6144K, used 416K [0x00000000d5580000, 0x00000000d5c00000, 0x0000000100000000)
  eden space 5120K, 0% used [0x00000000d5580000,0x00000000d5580000,0x00000000d5a80000)
  from space 1024K, 40% used [0x00000000d5a80000,0x00000000d5ae8000,0x00000000d5b80000)
  to   space 512K, 0% used [0x00000000d5b80000,0x00000000d5b80000,0x00000000d5c00000)
 ParOldGen       total 849408K, used 849023K [0x0000000080000000, 0x00000000b3d80000, 0x00000000d5580000)
  object space 849408K, 99% used [0x0000000080000000,0x00000000b3d1ffe8,0x00000000b3d80000)
 Metaspace       used 88105K, committed 90048K, reserved 1179648K
  class space    used 8859K, committed 9728K, reserved 1048576K
}
Event: 800.682 GC heap before
{Heap before GC invocations=3851 (full 6):
 PSYoungGen      total 6144K, used 5536K [0x00000000d5580000, 0x00000000d5c00000, 0x0000000100000000)
  eden space 5120K, 100% used [0x00000000d5580000,0x00000000d5a80000,0x00000000d5a80000)
  from space 1024K, 40% used [0x00000000d5a80000,0x00000000d5ae8000,0x00000000d5b80000)
  to   space 512K, 0% used [0x00000000d5b80000,0x00000000d5b80000,0x00000000d5c00000)
 ParOldGen       total 849408K, used 849023K [0x0000000080000000, 0x00000000b3d80000, 0x00000000d5580000)
  object space 849408K, 99% used [0x0000000080000000,0x00000000b3d1ffe8,0x00000000b3d80000)
 Metaspace       used 88105K, committed 90048K, reserved 1179648K
  class space    used 8859K, committed 9728K, reserved 1048576K
}
Event: 800.684 GC heap after
{Heap after GC invocations=3851 (full 6):
 PSYoungGen      total 5632K, used 512K [0x00000000d5580000, 0x00000000d5c80000, 0x0000000100000000)
  eden space 5120K, 0% used [0x00000000d5580000,0x00000000d5580000,0x00000000d5a80000)
  from space 512K, 100% used [0x00000000d5b80000,0x00000000d5c00000,0x00000000d5c00000)
  to   space 1024K, 0% used [0x00000000d5a80000,0x00000000d5a80000,0x00000000d5b80000)
 ParOldGen       total 849408K, used 849292K [0x0000000080000000, 0x00000000b3d80000, 0x00000000d5580000)
  object space 849408K, 99% used [0x0000000080000000,0x00000000b3d63028,0x00000000b3d80000)
 Metaspace       used 88105K, committed 90048K, reserved 1179648K
  class space    used 8859K, committed 9728K, reserved 1048576K
}
Event: 800.696 GC heap before
{Heap before GC invocations=3852 (full 6):
 PSYoungGen      total 5632K, used 5632K [0x00000000d5580000, 0x00000000d5c80000, 0x0000000100000000)
  eden space 5120K, 100% used [0x00000000d5580000,0x00000000d5a80000,0x00000000d5a80000)
  from space 512K, 100% used [0x00000000d5b80000,0x00000000d5c00000,0x00000000d5c00000)
  to   space 1024K, 0% used [0x00000000d5a80000,0x00000000d5a80000,0x00000000d5b80000)
 ParOldGen       total 849408K, used 849292K [0x0000000080000000, 0x00000000b3d80000, 0x00000000d5580000)
  object space 849408K, 99% used [0x0000000080000000,0x00000000b3d63028,0x00000000b3d80000)
 Metaspace       used 88105K, committed 90048K, reserved 1179648K
  class space    used 8859K, committed 9728K, reserved 1048576K
}
Event: 800.698 GC heap after
{Heap after GC invocations=3852 (full 6):
 PSYoungGen      total 6144K, used 820K [0x00000000d5580000, 0x00000000d5c80000, 0x0000000100000000)
  eden space 5120K, 0% used [0x00000000d5580000,0x00000000d5580000,0x00000000d5a80000)
  from space 1024K, 80% used [0x00000000d5a80000,0x00000000d5b4d200,0x00000000d5b80000)
  to   space 1024K, 0% used [0x00000000d5b80000,0x00000000d5b80000,0x00000000d5c80000)
 ParOldGen       total 849920K, used 849764K [0x0000000080000000, 0x00000000b3e00000, 0x00000000d5580000)
  object space 849920K, 99% used [0x0000000080000000,0x00000000b3dd9058,0x00000000b3e00000)
 Metaspace       used 88105K, committed 90048K, reserved 1179648K
  class space    used 8859K, committed 9728K, reserved 1048576K
}
Event: 800.712 GC heap before
{Heap before GC invocations=3853 (full 6):
 PSYoungGen      total 6144K, used 5940K [0x00000000d5580000, 0x00000000d5c80000, 0x0000000100000000)
  eden space 5120K, 100% used [0x00000000d5580000,0x00000000d5a80000,0x00000000d5a80000)
  from space 1024K, 80% used [0x00000000d5a80000,0x00000000d5b4d200,0x00000000d5b80000)
  to   space 1024K, 0% used [0x00000000d5b80000,0x00000000d5b80000,0x00000000d5c80000)
 ParOldGen       total 849920K, used 849764K [0x0000000080000000, 0x00000000b3e00000, 0x00000000d5580000)
  object space 849920K, 99% used [0x0000000080000000,0x00000000b3dd9058,0x00000000b3e00000)
 Metaspace       used 88105K, committed 90048K, reserved 1179648K
  class space    used 8859K, committed 9728K, reserved 1048576K
}
Event: 800.714 GC heap after
{Heap after GC invocations=3853 (full 6):
 PSYoungGen      total 6144K, used 512K [0x00000000d5580000, 0x00000000d5c80000, 0x0000000100000000)
  eden space 5120K, 0% used [0x00000000d5580000,0x00000000d5580000,0x00000000d5a80000)
  from space 1024K, 50% used [0x00000000d5b80000,0x00000000d5c00000,0x00000000d5c80000)
  to   space 1024K, 0% used [0x00000000d5a80000,0x00000000d5a80000,0x00000000d5b80000)
 ParOldGen       total 850944K, used 850500K [0x0000000080000000, 0x00000000b3f00000, 0x00000000d5580000)
  object space 850944K, 99% used [0x0000000080000000,0x00000000b3e91298,0x00000000b3f00000)
 Metaspace       used 88105K, committed 90048K, reserved 1179648K
  class space    used 8859K, committed 9728K, reserved 1048576K
}

