# JRE version: OpenJDK Runtime Environment Temurin-21.0.10+7 (21.0.10+7) (build 21.0.10+7-LTS)
# Java VM: OpenJDK 64-Bit Server VM Temurin-21.0.10+7 (21.0.10+7-LTS, mixed mode, sharing, tiered, compressed oops, compressed class ptrs, parallel gc, windows-amd64)
GC Precious Log:
 CardTable entry size: 512
 CPUs: 8 total, 8 available
 Memory: 16225M
 Large Page Support: Disabled
 NUMA Support: Disabled
 Compressed Oops: Enabled (32-bit)
 Alignments: Space 512K, Generation 512K, Heap 2M
 Heap Min Capacity: 100M
 Heap Initial Capacity: 100M
 Heap Max Capacity: 2G
 Pre-touch: Disabled
 Parallel Workers: 8
Heap:
 PSYoungGen      total 3072K, used 981K [0x00000000d5580000, 0x00000000d5b80000, 0x0000000100000000)
  eden space 2560K, 23% used [0x00000000d5580000,0x00000000d56195d0,0x00000000d5800000)
  from space 512K, 71% used [0x00000000d5b00000,0x00000000d5b5c010,0x00000000d5b80000)
  to   space 512K, 0% used [0x00000000d5a80000,0x00000000d5a80000,0x00000000d5b00000)
 ParOldGen       total 326144K, used 325666K [0x0000000080000000, 0x0000000093e80000, 0x00000000d5580000)
  object space 326144K, 99% used [0x0000000080000000,0x0000000093e08b58,0x0000000093e80000)
 Metaspace       used 81340K, committed 83136K, reserved 1179648K
  class space    used 8779K, committed 9536K, reserved 1048576K
GC Heap History (20 events):
Event: 5744.008 GC heap before
{Heap before GC invocations=238 (full 3):
 PSYoungGen      total 3072K, used 2816K [0x00000000d5580000, 0x00000000d5c00000, 0x0000000100000000)
  eden space 2560K, 100% used [0x00000000d5580000,0x00000000d5800000,0x00000000d5800000)
  from space 512K, 50% used [0x00000000d5b80000,0x00000000d5bc0000,0x00000000d5c00000)
  to   space 512K, 0% used [0x00000000d5b00000,0x00000000d5b00000,0x00000000d5b80000)
 ParOldGen       total 323584K, used 323444K [0x0000000080000000, 0x0000000093c00000, 0x00000000d5580000)
  object space 323584K, 99% used [0x0000000080000000,0x0000000093bdd2a8,0x0000000093c00000)
 Metaspace       used 80882K, committed 82624K, reserved 1179648K
  class space    used 8749K, committed 9472K, reserved 1048576K
}
Event: 5744.009 GC heap after
{Heap after GC invocations=238 (full 3):
 PSYoungGen      total 3072K, used 256K [0x00000000d5580000, 0x00000000d5c00000, 0x0000000100000000)
  eden space 2560K, 0% used [0x00000000d5580000,0x00000000d5580000,0x00000000d5800000)
  from space 512K, 50% used [0x00000000d5b00000,0x00000000d5b40000,0x00000000d5b80000)
  to   space 512K, 0% used [0x00000000d5b80000,0x00000000d5b80000,0x00000000d5c00000)
 ParOldGen       total 323584K, used 323561K [0x0000000080000000, 0x0000000093c00000, 0x00000000d5580000)
  object space 323584K, 99% used [0x0000000080000000,0x0000000093bfa688,0x0000000093c00000)
 Metaspace       used 80882K, committed 82624K, reserved 1179648K
  class space    used 8749K, committed 9472K, reserved 1048576K
}
Event: 5744.118 GC heap before
{Heap before GC invocations=239 (full 3):
 PSYoungGen      total 3072K, used 2816K [0x00000000d5580000, 0x00000000d5c00000, 0x0000000100000000)
  eden space 2560K, 100% used [0x00000000d5580000,0x00000000d5800000,0x00000000d5800000)
  from space 512K, 50% used [0x00000000d5b00000,0x00000000d5b40000,0x00000000d5b80000)
  to   space 512K, 0% used [0x00000000d5b80000,0x00000000d5b80000,0x00000000d5c00000)
 ParOldGen       total 323584K, used 323561K [0x0000000080000000, 0x0000000093c00000, 0x00000000d5580000)
  object space 323584K, 99% used [0x0000000080000000,0x0000000093bfa688,0x0000000093c00000)
 Metaspace       used 80909K, committed 82624K, reserved 1179648K
  class space    used 8749K, committed 9472K, reserved 1048576K
}
Event: 5744.119 GC heap after
{Heap after GC invocations=239 (full 3):
 PSYoungGen      total 3072K, used 256K [0x00000000d5580000, 0x00000000d5c00000, 0x0000000100000000)
  eden space 2560K, 0% used [0x00000000d5580000,0x00000000d5580000,0x00000000d5800000)
  from space 512K, 50% used [0x00000000d5b80000,0x00000000d5bc0000,0x00000000d5c00000)
  to   space 512K, 0% used [0x00000000d5b00000,0x00000000d5b00000,0x00000000d5b80000)
 ParOldGen       total 324096K, used 323609K [0x0000000080000000, 0x0000000093c80000, 0x00000000d5580000)
  object space 324096K, 99% used [0x0000000080000000,0x0000000093c06688,0x0000000093c80000)
 Metaspace       used 80909K, committed 82624K, reserved 1179648K
  class space    used 8749K, committed 9472K, reserved 1048576K
}
Event: 5744.779 GC heap before
{Heap before GC invocations=240 (full 3):
 PSYoungGen      total 3072K, used 2816K [0x00000000d5580000, 0x00000000d5c00000, 0x0000000100000000)
  eden space 2560K, 100% used [0x00000000d5580000,0x00000000d5800000,0x00000000d5800000)
  from space 512K, 50% used [0x00000000d5b80000,0x00000000d5bc0000,0x00000000d5c00000)
  to   space 512K, 0% used [0x00000000d5b00000,0x00000000d5b00000,0x00000000d5b80000)
 ParOldGen       total 324096K, used 323609K [0x0000000080000000, 0x0000000093c80000, 0x00000000d5580000)
  object space 324096K, 99% used [0x0000000080000000,0x0000000093c06688,0x0000000093c80000)
 Metaspace       used 80946K, committed 82688K, reserved 1179648K
  class space    used 8751K, committed 9472K, reserved 1048576K
}
Event: 5744.780 GC heap after
{Heap after GC invocations=240 (full 3):
 PSYoungGen      total 3072K, used 224K [0x00000000d5580000, 0x00000000d5c00000, 0x0000000100000000)
  eden space 2560K, 0% used [0x00000000d5580000,0x00000000d5580000,0x00000000d5800000)
  from space 512K, 43% used [0x00000000d5b00000,0x00000000d5b38000,0x00000000d5b80000)
  to   space 512K, 0% used [0x00000000d5b80000,0x00000000d5b80000,0x00000000d5c00000)
 ParOldGen       total 324096K, used 323657K [0x0000000080000000, 0x0000000093c80000, 0x00000000d5580000)
  object space 324096K, 99% used [0x0000000080000000,0x0000000093c12688,0x0000000093c80000)
 Metaspace       used 80946K, committed 82688K, reserved 1179648K
  class space    used 8751K, committed 9472K, reserved 1048576K
}
Event: 5744.785 GC heap before
{Heap before GC invocations=241 (full 3):
 PSYoungGen      total 3072K, used 2784K [0x00000000d5580000, 0x00000000d5c00000, 0x0000000100000000)
  eden space 2560K, 100% used [0x00000000d5580000,0x00000000d5800000,0x00000000d5800000)
  from space 512K, 43% used [0x00000000d5b00000,0x00000000d5b38000,0x00000000d5b80000)
  to   space 512K, 0% used [0x00000000d5b80000,0x00000000d5b80000,0x00000000d5c00000)
 ParOldGen       total 324096K, used 323657K [0x0000000080000000, 0x0000000093c80000, 0x00000000d5580000)
  object space 324096K, 99% used [0x0000000080000000,0x0000000093c12688,0x0000000093c80000)
 Metaspace       used 80954K, committed 82752K, reserved 1179648K
  class space    used 8751K, committed 9472K, reserved 1048576K
}
Event: 5744.786 GC heap after
{Heap after GC invocations=241 (full 3):
 PSYoungGen      total 3072K, used 442K [0x00000000d5580000, 0x00000000d5c00000, 0x0000000100000000)
  eden space 2560K, 0% used [0x00000000d5580000,0x00000000d5580000,0x00000000d5800000)
  from space 512K, 86% used [0x00000000d5b80000,0x00000000d5bee900,0x00000000d5c00000)
  to   space 512K, 0% used [0x00000000d5b00000,0x00000000d5b00000,0x00000000d5b80000)
 ParOldGen       total 324096K, used 323710K [0x0000000080000000, 0x0000000093c80000, 0x00000000d5580000)
  object space 324096K, 99% used [0x0000000080000000,0x0000000093c1fb20,0x0000000093c80000)
 Metaspace       used 80954K, committed 82752K, reserved 1179648K
  class space    used 8751K, committed 9472K, reserved 1048576K
}
Event: 5744.794 GC heap before
{Heap before GC invocations=242 (full 3):
 PSYoungGen      total 3072K, used 3002K [0x00000000d5580000, 0x00000000d5c00000, 0x0000000100000000)
  eden space 2560K, 100% used [0x00000000d5580000,0x00000000d5800000,0x00000000d5800000)
  from space 512K, 86% used [0x00000000d5b80000,0x00000000d5bee900,0x00000000d5c00000)
  to   space 512K, 0% used [0x00000000d5b00000,0x00000000d5b00000,0x00000000d5b80000)
 ParOldGen       total 324096K, used 323710K [0x0000000080000000, 0x0000000093c80000, 0x00000000d5580000)
  object space 324096K, 99% used [0x0000000080000000,0x0000000093c1fb20,0x0000000093c80000)
 Metaspace       used 80956K, committed 82752K, reserved 1179648K
  class space    used 8751K, committed 9472K, reserved 1048576K
}
Event: 5744.795 GC heap after
{Heap after GC invocations=242 (full 3):
 PSYoungGen      total 3072K, used 416K [0x00000000d5580000, 0x00000000d5c00000, 0x0000000100000000)
  eden space 2560K, 0% used [0x00000000d5580000,0x00000000d5580000,0x00000000d5800000)
  from space 512K, 81% used [0x00000000d5b00000,0x00000000d5b68000,0x00000000d5b80000)
  to   space 512K, 0% used [0x00000000d5b80000,0x00000000d5b80000,0x00000000d5c00000)
 ParOldGen       total 324608K, used 324123K [0x0000000080000000, 0x0000000093d00000, 0x00000000d5580000)
  object space 324608K, 99% used [0x0000000080000000,0x0000000093c86d30,0x0000000093d00000)
 Metaspace       used 80956K, committed 82752K, reserved 1179648K
  class space    used 8751K, committed 9472K, reserved 1048576K
}
Event: 5744.811 GC heap before
{Heap before GC invocations=243 (full 3):
 PSYoungGen      total 3072K, used 2976K [0x00000000d5580000, 0x00000000d5c00000, 0x0000000100000000)
  eden space 2560K, 100% used [0x00000000d5580000,0x00000000d5800000,0x00000000d5800000)
  from space 512K, 81% used [0x00000000d5b00000,0x00000000d5b68000,0x00000000d5b80000)
  to   space 512K, 0% used [0x00000000d5b80000,0x00000000d5b80000,0x00000000d5c00000)
 ParOldGen       total 324608K, used 324123K [0x0000000080000000, 0x0000000093d00000, 0x00000000d5580000)
  object space 324608K, 99% used [0x0000000080000000,0x0000000093c86d30,0x0000000093d00000)
 Metaspace       used 80965K, committed 82752K, reserved 1179648K
  class space    used 8751K, committed 9472K, reserved 1048576K
}
Event: 5744.812 GC heap after
{Heap after GC invocations=243 (full 3):
 PSYoungGen      total 3072K, used 500K [0x00000000d5580000, 0x00000000d5c00000, 0x0000000100000000)
  eden space 2560K, 0% used [0x00000000d5580000,0x00000000d5580000,0x00000000d5800000)
  from space 512K, 97% used [0x00000000d5b80000,0x00000000d5bfd200,0x00000000d5c00000)
  to   space 1024K, 0% used [0x00000000d5a00000,0x00000000d5a00000,0x00000000d5b00000)
 ParOldGen       total 324608K, used 324387K [0x0000000080000000, 0x0000000093d00000, 0x00000000d5580000)
  object space 324608K, 99% used [0x0000000080000000,0x0000000093cc8d30,0x0000000093d00000)
 Metaspace       used 80965K, committed 82752K, reserved 1179648K
  class space    used 8751K, committed 9472K, reserved 1048576K
}
Event: 5744.820 GC heap before
{Heap before GC invocations=244 (full 3):
 PSYoungGen      total 3072K, used 3060K [0x00000000d5580000, 0x00000000d5c00000, 0x0000000100000000)
  eden space 2560K, 100% used [0x00000000d5580000,0x00000000d5800000,0x00000000d5800000)
  from space 512K, 97% used [0x00000000d5b80000,0x00000000d5bfd200,0x00000000d5c00000)
  to   space 1024K, 0% used [0x00000000d5a00000,0x00000000d5a00000,0x00000000d5b00000)
 ParOldGen       total 324608K, used 324387K [0x0000000080000000, 0x0000000093d00000, 0x00000000d5580000)
  object space 324608K, 99% used [0x0000000080000000,0x0000000093cc8d30,0x0000000093d00000)
 Metaspace       used 80974K, committed 82752K, reserved 1179648K
  class space    used 8751K, committed 9472K, reserved 1048576K
}
Event: 5744.822 GC heap after
{Heap after GC invocations=244 (full 3):
 PSYoungGen      total 3584K, used 384K [0x00000000d5580000, 0x00000000d5c00000, 0x0000000100000000)
  eden space 2560K, 0% used [0x00000000d5580000,0x00000000d5580000,0x00000000d5800000)
  from space 1024K, 37% used [0x00000000d5a00000,0x00000000d5a60000,0x00000000d5b00000)
  to   space 1024K, 0% used [0x00000000d5b00000,0x00000000d5b00000,0x00000000d5c00000)
 ParOldGen       total 325120K, used 324775K [0x0000000080000000, 0x0000000093d80000, 0x00000000d5580000)
  object space 325120K, 99% used [0x0000000080000000,0x0000000093d29f30,0x0000000093d80000)
 Metaspace       used 80974K, committed 82752K, reserved 1179648K
  class space    used 8751K, committed 9472K, reserved 1048576K
}
Event: 5744.829 GC heap before
{Heap before GC invocations=245 (full 3):
 PSYoungGen      total 3584K, used 2944K [0x00000000d5580000, 0x00000000d5c00000, 0x0000000100000000)
  eden space 2560K, 100% used [0x00000000d5580000,0x00000000d5800000,0x00000000d5800000)
  from space 1024K, 37% used [0x00000000d5a00000,0x00000000d5a60000,0x00000000d5b00000)
  to   space 1024K, 0% used [0x00000000d5b00000,0x00000000d5b00000,0x00000000d5c00000)
 ParOldGen       total 325120K, used 324775K [0x0000000080000000, 0x0000000093d80000, 0x00000000d5580000)
  object space 325120K, 99% used [0x0000000080000000,0x0000000093d29f30,0x0000000093d80000)
 Metaspace       used 80974K, committed 82752K, reserved 1179648K
  class space    used 8751K, committed 9472K, reserved 1048576K
}
Event: 5744.830 GC heap after
{Heap after GC invocations=245 (full 3):
 PSYoungGen      total 3072K, used 384K [0x00000000d5580000, 0x00000000d5b80000, 0x0000000100000000)
  eden space 2560K, 0% used [0x00000000d5580000,0x00000000d5580000,0x00000000d5800000)
  from space 512K, 75% used [0x00000000d5b00000,0x00000000d5b60000,0x00000000d5b80000)
  to   space 512K, 0% used [0x00000000d5a80000,0x00000000d5a80000,0x00000000d5b00000)
 ParOldGen       total 325120K, used 325116K [0x0000000080000000, 0x0000000093d80000, 0x00000000d5580000)
  object space 325120K, 99% used [0x0000000080000000,0x0000000093d7f3d8,0x0000000093d80000)
 Metaspace       used 80974K, committed 82752K, reserved 1179648K
  class space    used 8751K, committed 9472K, reserved 1048576K
}
Event: 5863.876 GC heap before
{Heap before GC invocations=246 (full 3):
 PSYoungGen      total 3072K, used 2944K [0x00000000d5580000, 0x00000000d5b80000, 0x0000000100000000)
  eden space 2560K, 100% used [0x00000000d5580000,0x00000000d5800000,0x00000000d5800000)
  from space 512K, 75% used [0x00000000d5b00000,0x00000000d5b60000,0x00000000d5b80000)
  to   space 512K, 0% used [0x00000000d5a80000,0x00000000d5a80000,0x00000000d5b00000)
 ParOldGen       total 325120K, used 325116K [0x0000000080000000, 0x0000000093d80000, 0x00000000d5580000)
  object space 325120K, 99% used [0x0000000080000000,0x0000000093d7f3d8,0x0000000093d80000)
 Metaspace       used 81038K, committed 82880K, reserved 1179648K
  class space    used 8757K, committed 9536K, reserved 1048576K
}
Event: 5863.877 GC heap after
{Heap after GC invocations=246 (full 3):
 PSYoungGen      total 3072K, used 384K [0x00000000d5580000, 0x00000000d5b80000, 0x0000000100000000)
  eden space 2560K, 0% used [0x00000000d5580000,0x00000000d5580000,0x00000000d5800000)
  from space 512K, 75% used [0x00000000d5a80000,0x00000000d5ae0000,0x00000000d5b00000)
  to   space 512K, 0% used [0x00000000d5b00000,0x00000000d5b00000,0x00000000d5b80000)
 ParOldGen       total 325632K, used 325356K [0x0000000080000000, 0x0000000093e00000, 0x00000000d5580000)
  object space 325632K, 99% used [0x0000000080000000,0x0000000093dbb3d8,0x0000000093e00000)
 Metaspace       used 81038K, committed 82880K, reserved 1179648K
  class space    used 8757K, committed 9536K, reserved 1048576K
}
Event: 5864.038 GC heap before
{Heap before GC invocations=247 (full 3):
 PSYoungGen      total 3072K, used 2944K [0x00000000d5580000, 0x00000000d5b80000, 0x0000000100000000)
  eden space 2560K, 100% used [0x00000000d5580000,0x00000000d5800000,0x00000000d5800000)
  from space 512K, 75% used [0x00000000d5a80000,0x00000000d5ae0000,0x00000000d5b00000)
  to   space 512K, 0% used [0x00000000d5b00000,0x00000000d5b00000,0x00000000d5b80000)
 ParOldGen       total 325632K, used 325356K [0x0000000080000000, 0x0000000093e00000, 0x00000000d5580000)
  object space 325632K, 99% used [0x0000000080000000,0x0000000093dbb3d8,0x0000000093e00000)
 Metaspace       used 81297K, committed 83072K, reserved 1179648K
  class space    used 8779K, committed 9536K, reserved 1048576K
}
Event: 5864.039 GC heap after
{Heap after GC invocations=247 (full 3):
 PSYoungGen      total 3072K, used 368K [0x00000000d5580000, 0x00000000d5b80000, 0x0000000100000000)
  eden space 2560K, 0% used [0x00000000d5580000,0x00000000d5580000,0x00000000d5800000)
  from space 512K, 71% used [0x00000000d5b00000,0x00000000d5b5c010,0x00000000d5b80000)
  to   space 512K, 0% used [0x00000000d5a80000,0x00000000d5a80000,0x00000000d5b00000)
 ParOldGen       total 326144K, used 325666K [0x0000000080000000, 0x0000000093e80000, 0x00000000d5580000)
  object space 326144K, 99% used [0x0000000080000000,0x0000000093e08b58,0x0000000093e80000)
 Metaspace       used 81297K, committed 83072K, reserved 1179648K
  class space    used 8779K, committed 9536K, reserved 1048576K
}

